-------------------------------------------------------------------------------
Test set: Scenario: Verify zero tax for only SFO order in the checkout
-------------------------------------------------------------------------------
Tests run: 200, Failures: 6, Errors: 1, Skipped: 17, Time elapsed: 119.7 sec <<< FAILURE! - in Scenario: Verify zero tax for only SFO order in the checkout
Scenario: Verify user can place an order by adding a new credit card  Time elapsed: 0.003 sec  <<< ERROR!
org.openqa.selenium.TimeoutException: Expected condition failed: Element is not found after 30 seconds of wait (tried for 30 second(s) with 1000 milliseconds interval)
	at org.openqa.selenium.support.ui.FluentWait.timeoutException(FluentWait.java:315)
	at org.openqa.selenium.support.ui.FluentWait.until(FluentWait.java:283)
	at Pages.BasePage.findElementUsingFluentWait(BasePage.java:30)
	at Pages.BasePage.clickThis(BasePage.java:61)
	at Pages.Scholastic.ShippingAndPaymentPage.selectCard(ShippingAndPaymentPage.java:65)
	at StepDefinition.Scholastic.YtoSfoNonZeroTaxSD.selectANewCard(YtoSfoNonZeroTaxSD.java:64)
	at ✽.And I select add a new card(Scholastic/AddANewCreditCard.feature:34)
Caused by: org.openqa.selenium.NoSuchElementException: no such element: Unable to locate element: {"method":"xpath","selector":"//div[contains(text(),'Select a Card')]"}
  (Session info: chrome=87.0.4280.88)
For documentation on this error, please visit: http://seleniumhq.org/exceptions/no_such_element.html
Build info: version: '3.14.0', revision: 'aacccce0', time: '2018-08-02T20:19:58.91Z'
System info: host: 'MacBook-Pro-5.home', ip: 'fd4b:8d38:69ba:1:9cf2:3754:4f09:392a%en0', os.name: 'Mac OS X', os.arch: 'x86_64', os.version: '10.13.6', java.version: '1.8.0_181'
Driver info: org.openqa.selenium.chrome.ChromeDriver
Capabilities {acceptInsecureCerts: false, browserName: chrome, browserVersion: 87.0.4280.88, chrome: {chromedriverVersion: 86.0.4240.22 (398b0743353ff..., userDataDir: /var/folders/0x/m7q9c0sx5vg...}, goog:chromeOptions: {debuggerAddress: localhost:52473}, javascriptEnabled: true, networkConnectionEnabled: false, pageLoadStrategy: normal, platform: MAC, platformName: MAC, proxy: Proxy(), setWindowRect: true, strictFileInteractability: false, timeouts: {implicit: 0, pageLoad: 300000, script: 30000}, unhandledPromptBehavior: dismiss and notify, webauthn:virtualAuthenticators: true}
Session ID: bd64ad066ac1d21b153ac15745002329
*** Element info: {Using=xpath, value=//div[contains(text(),'Select a Card')]}
	at sun.reflect.NativeConstructorAccessorImpl.newInstance0(Native Method)
	at sun.reflect.NativeConstructorAccessorImpl.newInstance(NativeConstructorAccessorImpl.java:62)
	at sun.reflect.DelegatingConstructorAccessorImpl.newInstance(DelegatingConstructorAccessorImpl.java:45)
	at java.lang.reflect.Constructor.newInstance(Constructor.java:423)
	at org.openqa.selenium.remote.http.W3CHttpResponseCodec.createException(W3CHttpResponseCodec.java:187)
	at org.openqa.selenium.remote.http.W3CHttpResponseCodec.decode(W3CHttpResponseCodec.java:122)
	at org.openqa.selenium.remote.http.W3CHttpResponseCodec.decode(W3CHttpResponseCodec.java:49)
	at org.openqa.selenium.remote.HttpCommandExecutor.execute(HttpCommandExecutor.java:158)
	at org.openqa.selenium.remote.service.DriverCommandExecutor.execute(DriverCommandExecutor.java:83)
	at org.openqa.selenium.remote.RemoteWebDriver.execute(RemoteWebDriver.java:548)
	at org.openqa.selenium.remote.RemoteWebDriver.findElement(RemoteWebDriver.java:322)
	at org.openqa.selenium.remote.RemoteWebDriver.findElementByXPath(RemoteWebDriver.java:424)
	at org.openqa.selenium.By$ByXPath.findElement(By.java:353)
	at org.openqa.selenium.remote.RemoteWebDriver.findElement(RemoteWebDriver.java:314)
	at Pages.BasePage$1.apply(BasePage.java:32)
	at Pages.BasePage$1.apply(BasePage.java:30)
	at org.openqa.selenium.support.ui.FluentWait.until(FluentWait.java:260)
	at Pages.BasePage.findElementUsingFluentWait(BasePage.java:30)
	at Pages.BasePage.clickThis(BasePage.java:61)
	at Pages.Scholastic.ShippingAndPaymentPage.selectCard(ShippingAndPaymentPage.java:65)
	at StepDefinition.Scholastic.YtoSfoNonZeroTaxSD.selectANewCard(YtoSfoNonZeroTaxSD.java:64)
	at sun.reflect.NativeMethodAccessorImpl.invoke0(Native Method)
	at sun.reflect.NativeMethodAccessorImpl.invoke(NativeMethodAccessorImpl.java:62)
	at sun.reflect.DelegatingMethodAccessorImpl.invoke(DelegatingMethodAccessorImpl.java:43)
	at java.lang.reflect.Method.invoke(Method.java:498)
	at cucumber.runtime.Utils$1.call(Utils.java:37)
	at cucumber.runtime.Timeout.timeout(Timeout.java:13)
	at cucumber.runtime.Utils.invoke(Utils.java:31)
	at cucumber.runtime.java.JavaStepDefinition.execute(JavaStepDefinition.java:38)
	at cucumber.runtime.StepDefinitionMatch.runStep(StepDefinitionMatch.java:37)
	at cucumber.runtime.Runtime.runStep(Runtime.java:299)
	at cucumber.runtime.model.StepContainer.runStep(StepContainer.java:44)
	at cucumber.runtime.model.StepContainer.runSteps(StepContainer.java:39)
	at cucumber.runtime.model.CucumberScenario.run(CucumberScenario.java:44)
	at cucumber.runtime.junit.ExecutionUnitRunner.run(ExecutionUnitRunner.java:91)
	at cucumber.runtime.junit.FeatureRunner.runChild(FeatureRunner.java:63)
	at cucumber.runtime.junit.FeatureRunner.runChild(FeatureRunner.java:18)
	at org.junit.runners.ParentRunner$3.run(ParentRunner.java:238)
	at org.junit.runners.ParentRunner$1.schedule(ParentRunner.java:63)
	at org.junit.runners.ParentRunner.runChildren(ParentRunner.java:236)
	at org.junit.runners.ParentRunner.access$000(ParentRunner.java:53)
	at org.junit.runners.ParentRunner$2.evaluate(ParentRunner.java:229)
	at org.junit.runners.ParentRunner.run(ParentRunner.java:309)
	at cucumber.runtime.junit.FeatureRunner.run(FeatureRunner.java:70)
	at cucumber.api.junit.Cucumber.runChild(Cucumber.java:93)
	at cucumber.api.junit.Cucumber.runChild(Cucumber.java:37)
	at org.junit.runners.ParentRunner$3.run(ParentRunner.java:238)
	at org.junit.runners.ParentRunner$1.schedule(ParentRunner.java:63)
	at org.junit.runners.ParentRunner.runChildren(ParentRunner.java:236)
	at org.junit.runners.ParentRunner.access$000(ParentRunner.java:53)
	at org.junit.runners.ParentRunner$2.evaluate(ParentRunner.java:229)
	at org.junit.runners.ParentRunner.run(ParentRunner.java:309)
	at cucumber.api.junit.Cucumber.run(Cucumber.java:98)
	at org.junit.runners.Suite.runChild(Suite.java:127)
	at org.junit.runners.Suite.runChild(Suite.java:26)
	at org.junit.runners.ParentRunner$3.run(ParentRunner.java:238)
	at org.junit.runners.ParentRunner$1.schedule(ParentRunner.java:63)
	at org.junit.runners.ParentRunner.runChildren(ParentRunner.java:236)
	at org.junit.runners.ParentRunner.access$000(ParentRunner.java:53)
	at org.junit.runners.ParentRunner$2.evaluate(ParentRunner.java:229)
	at org.junit.runners.ParentRunner.run(ParentRunner.java:309)
	at org.junit.runner.JUnitCore.run(JUnitCore.java:160)
	at org.junit.runner.JUnitCore.run(JUnitCore.java:138)
	at org.apache.maven.surefire.junitcore.JUnitCoreWrapper.createRequestAndRun(JUnitCoreWrapper.java:108)
	at org.apache.maven.surefire.junitcore.JUnitCoreWrapper.executeEager(JUnitCoreWrapper.java:78)
	at org.apache.maven.surefire.junitcore.JUnitCoreWrapper.execute(JUnitCoreWrapper.java:54)
	at org.apache.maven.surefire.junitcore.JUnitCoreProvider.invoke(JUnitCoreProvider.java:144)
	at org.apache.maven.surefire.booter.ForkedBooter.invokeProviderInSameClassLoader(ForkedBooter.java:203)
	at org.apache.maven.surefire.booter.ForkedBooter.runSuitesInProcess(ForkedBooter.java:155)
	at org.apache.maven.surefire.booter.ForkedBooter.main(ForkedBooter.java:103)

Then I verify item is deleted and quantities and items are updated(Scenario: Verify user can delete item on Cart page)  Time elapsed: 0.002 sec  <<< FAILURE!
java.lang.AssertionError: Not updated
	at org.testng.Assert.fail(Assert.java:93)
	at org.testng.Assert.assertNotEquals(Assert.java:897)
	at StepDefinition.Scholastic.SfoMultipleOrderSD.verifyUpdateAfterRemoval(SfoMultipleOrderSD.java:204)
	at ✽.Then I verify item is deleted and quantities and items are updated(Scholastic/SfoItemDeletion.feature:49)

Scenario: Verify user can delete item on Cart page  Time elapsed: 0.01 sec  <<< FAILURE!
java.lang.AssertionError: Not updated
	at org.testng.Assert.fail(Assert.java:93)
	at org.testng.Assert.assertNotEquals(Assert.java:897)
	at StepDefinition.Scholastic.SfoMultipleOrderSD.verifyUpdateAfterRemoval(SfoMultipleOrderSD.java:204)
	at ✽.Then I verify item is deleted and quantities and items are updated(Scholastic/SfoItemDeletion.feature:49)

Then I verify multiple student names, multiple items and multiple quantities are entered as expected(Scenario: Verify SFO with multiple students and multiple books and quantity)  Time elapsed: 0.001 sec  <<< FAILURE!
java.lang.AssertionError: Quantities are not same expected [] but found [4]
	at org.testng.Assert.fail(Assert.java:93)
	at org.testng.Assert.failNotEquals(Assert.java:512)
	at org.testng.Assert.assertEqualsImpl(Assert.java:134)
	at org.testng.Assert.assertEquals(Assert.java:115)
	at org.testng.Assert.assertEquals(Assert.java:189)
	at StepDefinition.Scholastic.SfoMultipleOrderSD.verificationsOfMultipleNamesItemAndQuantity(SfoMultipleOrderSD.java:129)
	at ✽.Then I verify multiple student names, multiple items and multiple quantities are entered as expected(Scholastic/SfoMultiStudentMultiBooks.feature:42)

Scenario: Verify SFO with multiple students and multiple books and quantity  Time elapsed: 0.003 sec  <<< FAILURE!
java.lang.AssertionError: Quantities are not same expected [] but found [4]
	at org.testng.Assert.fail(Assert.java:93)
	at org.testng.Assert.failNotEquals(Assert.java:512)
	at org.testng.Assert.assertEqualsImpl(Assert.java:134)
	at org.testng.Assert.assertEquals(Assert.java:115)
	at org.testng.Assert.assertEquals(Assert.java:189)
	at StepDefinition.Scholastic.SfoMultipleOrderSD.verificationsOfMultipleNamesItemAndQuantity(SfoMultipleOrderSD.java:129)
	at ✽.Then I verify multiple student names, multiple items and multiple quantities are entered as expected(Scholastic/SfoMultiStudentMultiBooks.feature:42)

And I verify Student name, Item, and quantity are displayed as expected(Scenario: Verify teacher can add multiple books for a student in SFO)  Time elapsed: 0 sec  <<< FAILURE!
java.lang.AssertionError: Expected and actual are not same expected [] but found [2]
	at org.testng.Assert.fail(Assert.java:93)
	at org.testng.Assert.failNotEquals(Assert.java:512)
	at org.testng.Assert.assertEqualsImpl(Assert.java:134)
	at org.testng.Assert.assertEquals(Assert.java:115)
	at org.testng.Assert.assertEquals(Assert.java:189)
	at StepDefinition.Scholastic.SfoMultipleOrderSD.verifyNameItemQuantity(SfoMultipleOrderSD.java:89)
	at ✽.And I verify Student name, Item, and quantity are displayed as expected(Scholastic/SfoMultipleOrder.feature:28)

Scenario: Verify teacher can add multiple books for a student in SFO  Time elapsed: 0.001 sec  <<< FAILURE!
java.lang.AssertionError: Expected and actual are not same expected [] but found [2]
	at org.testng.Assert.fail(Assert.java:93)
	at org.testng.Assert.failNotEquals(Assert.java:512)
	at org.testng.Assert.assertEqualsImpl(Assert.java:134)
	at org.testng.Assert.assertEquals(Assert.java:115)
	at org.testng.Assert.assertEquals(Assert.java:189)
	at StepDefinition.Scholastic.SfoMultipleOrderSD.verifyNameItemQuantity(SfoMultipleOrderSD.java:89)
	at ✽.And I verify Student name, Item, and quantity are displayed as expected(Scholastic/SfoMultipleOrder.feature:28)

